<?xml version="1.0" encoding="UTF-8"?>
<!-- Generated by org.testng.reporters.JUnitReportReporter -->
<testsuite skipped="0" hostname="sai-PC" name="com.manmohan.TestNgSelenium.LoginTest" tests="2" failures="0" timestamp="27 May 2019 17:18:48 GMT" time="12.916" errors="0">
  <testcase name="test1" time="3.946" classname="com.manmohan.TestNgSelenium.LoginTest"/>
  <testcase name="test2" time="8.970" classname="com.manmohan.TestNgSelenium.LoginTest"/>
</testsuite> <!-- com.manmohan.TestNgSelenium.LoginTest -->
